2022-02-12T01:03:26.786134Z  INFO materialized: booting server
materialized v0.19.0 (ae5e40457)
OpenSSL 1.1.1l  24 Aug 2021
librdkafka v1.8.2
invoked as: materialized -w 1
os: Ubuntu 20.04 (focal) [64-bit]
cpus: 12 logical, 6 physical, 6 useful
cpu0: Intel(R) Core(TM) i7-8700K CPU @ 3.70GHz 3695MHz
memory: 16756416KB total, 1787136KB used
swap: 4294967KB total, 0KB used
dataflow workers: 1
2022-02-12T01:03:27.301021Z  INFO coord::timestamp: Starting Timestamping Thread. Frequency: 10 ms.
2022-02-12T01:04:41.022529Z  INFO materialized: booting server
materialized v0.19.0 (ae5e40457)
OpenSSL 1.1.1l  24 Aug 2021
librdkafka v1.8.2
invoked as: materialized -w 1
os: Ubuntu 20.04 (focal) [64-bit]
cpus: 12 logical, 6 physical, 6 useful
cpu0: Intel(R) Core(TM) i7-8700K CPU @ 3.70GHz 3695MHz
memory: 16756416KB total, 1791420KB used
swap: 4294967KB total, 0KB used
dataflow workers: 1
2022-02-12T01:04:41.101170Z  INFO coord::timestamp: Starting Timestamping Thread. Frequency: 10 ms.
2022-02-12T01:05:08.069163Z  INFO coord::catalog: create source materialize.public.market_orders_raw (u1)
2022-02-12T01:05:08.091199Z  INFO coord::timestamp: Timestamping Source u1 with Real Time Consistency.
2022-02-12T01:06:12.519961Z  INFO coord::catalog: create view materialize.public.market_orders (u2)
2022-02-12T01:06:31.726296Z  INFO coord::catalog: create view materialize.public.avg_bid (u3)
2022-02-12T01:06:31.726339Z  INFO coord::catalog: create index materialize.public.avg_bid_primary_idx (u4)
2022-02-12T01:08:18.311732Z  INFO coord::catalog: create table materialize.public.symbols (u6)
2022-02-12T01:08:18.311777Z  INFO coord::catalog: create index materialize.public.symbols_primary_idx (u7)
2022-02-12T01:08:27.522901Z  INFO coord::catalog: create view materialize.public.cnt_ticker (u8)
2022-02-12T01:08:27.522945Z  INFO coord::catalog: create index materialize.public.cnt_ticker_primary_idx (u9)
2022-02-12T01:09:57.580311Z  INFO coord::catalog: create view materialize.public.cnt_sliding (u11)
2022-02-12T01:09:57.580358Z  INFO coord::catalog: create index materialize.public.cnt_sliding_primary_idx (u12)
